<?xml version="1.0" encoding="UTF-8"?>
<!-- Generated by org.testng.reporters.JUnitXMLReporter -->
<testsuite hostname="Rahuls-MacBook-Pro-2.local" ignored="0" name="Validate Title Test" tests="1" failures="1" timestamp="30 May 2022 11:32:14 GMT" time="0.008" errors="0">
  <testcase name="validateTitle" time="0.005" classname="testnglearning.TestCase2">
    <failure type="java.lang.AssertionError" message="The following asserts failed:
	expected [Google.com] but found [gmail.com],
	Login button missing expected [true] but found [false],
	Failing the test as the condition is not met">
      <![CDATA[java.lang.AssertionError: The following asserts failed:
expected [Google.com] but found [gmail.com],
Login button missing expected [true] but found [false],
Failing the test as the condition is not met
at testnglearning.TestCase2.validateTitle(TestCase2.java:42)
... Removed 26 stack frames]]>
    </failure>
  </testcase> <!-- validateTitle -->
</testsuite> <!-- Validate Title Test -->
