<?xml version="1.0" encoding="UTF-8"?>
<testng-results skipped="0" failed="2" ignored="0" total="2" passed="0">
  <reporter-output>
  </reporter-output>
  <suite name="Default suite" duration-ms="51282" started-at="2022-06-15T18:03:35 IST" finished-at="2022-06-15T18:04:26 IST">
    <groups>
      <group name="cucumber">
        <method signature="AbstractTestNGCucumberTests.runScenario(io.cucumber.testng.PickleWrapper,io.cucumber.testng.FeatureWrapper)[pri:0, instance:runner.RunCuke@17baae6e]" name="runScenario" class="io.cucumber.testng.AbstractTestNGCucumberTests"/>
      </group> <!-- cucumber -->
    </groups>
    <test name="Default test" duration-ms="51282" started-at="2022-06-15T18:03:35 IST" finished-at="2022-06-15T18:04:26 IST">
      <class name="runner.RunCuke">
        <test-method status="PASS" signature="setUpClass(org.testng.ITestContext)[pri:0, instance:runner.RunCuke@17baae6e]" name="setUpClass" is-config="true" duration-ms="766" started-at="2022-06-15T18:03:35 IST" finished-at="2022-06-15T18:03:36 IST">
          <params>
            <param index="0">
              <value>
                <![CDATA[org.testng.TestRunner@3c98781a]]>
              </value>
            </param>
          </params>
          <reporter-output>
          </reporter-output>
        </test-method> <!-- setUpClass -->
        <test-method status="FAIL" signature="runScenario(io.cucumber.testng.PickleWrapper,io.cucumber.testng.FeatureWrapper)[pri:0, instance:runner.RunCuke@17baae6e]" name="runScenario" duration-ms="50012" started-at="2022-06-15T18:03:36 IST" description="Runs Cucumber Scenarios" data-provider="scenarios" finished-at="2022-06-15T18:04:26 IST">
          <params>
            <param index="0">
              <value>
                <![CDATA["Searching Villas"]]>
              </value>
            </param>
            <param index="1">
              <value>
                <![CDATA["Goibibo Search Villas Feature"]]>
              </value>
            </param>
          </params>
          <exception class="org.openqa.selenium.NoSuchElementException">
            <message>
              <![CDATA[An element could not be located on the page using the given search parameters.
For documentation on this error, please visit: https://selenium.dev/exceptions/#no_such_element
Build info: version: '4.2.2', revision: '683ccb65d6'
System info: host: '192.168.1.3', ip: 'fe80:0:0:0:c81:d196:7ed5:2dee%en0', os.name: 'Mac OS X', os.arch: 'x86_64', os.version: '10.16', java.version: '1.8.0_281'
Driver info: io.appium.java_client.android.AndroidDriver
Command: [fa1f5287-45c7-4fc7-8ad3-63d85761ae13, findElement {using=-android uiautomator, value=new UiScrollable(new UiSelector().scrollable(true).instance(0)).scrollIntoView(new UiSelector().textContains("Village Life Maldives").instance(0))}]
Capabilities {appium:appActivity: .common.HomeActivity, appium:appPackage: com.goibibo, appium:databaseEnabled: false, appium:desired: {appActivity: .common.HomeActivity, appPackage: com.goibibo, deviceName: android, noReset: true, platformName: android, platformVersion: 11}, appium:deviceApiLevel: 30, appium:deviceManufacturer: vivo, appium:deviceModel: vivo 1818, appium:deviceName: 8e006adb, appium:deviceScreenDensity: 480, appium:deviceScreenSize: 1080x2340, appium:deviceUDID: 8e006adb, appium:javascriptEnabled: true, appium:locationContextEnabled: false, appium:networkConnectionEnabled: true, appium:noReset: true, appium:pixelRatio: 3, appium:platformVersion: 11, appium:statBarHeight: 84, appium:takesScreenshot: true, appium:viewportRect: {height: 2130, left: 0, top: 84, width: 1080}, appium:warnings: {}, appium:webStorageEnabled: false, platformName: ANDROID}
Session ID: fa1f5287-45c7-4fc7-8ad3-63d85761ae13]]>
            </message>
            <full-stacktrace>
              <![CDATA[org.openqa.selenium.NoSuchElementException: An element could not be located on the page using the given search parameters.
For documentation on this error, please visit: https://selenium.dev/exceptions/#no_such_element
Build info: version: '4.2.2', revision: '683ccb65d6'
System info: host: '192.168.1.3', ip: 'fe80:0:0:0:c81:d196:7ed5:2dee%en0', os.name: 'Mac OS X', os.arch: 'x86_64', os.version: '10.16', java.version: '1.8.0_281'
Driver info: io.appium.java_client.android.AndroidDriver
Command: [fa1f5287-45c7-4fc7-8ad3-63d85761ae13, findElement {using=-android uiautomator, value=new UiScrollable(new UiSelector().scrollable(true).instance(0)).scrollIntoView(new UiSelector().textContains("Village Life Maldives").instance(0))}]
Capabilities {appium:appActivity: .common.HomeActivity, appium:appPackage: com.goibibo, appium:databaseEnabled: false, appium:desired: {appActivity: .common.HomeActivity, appPackage: com.goibibo, deviceName: android, noReset: true, platformName: android, platformVersion: 11}, appium:deviceApiLevel: 30, appium:deviceManufacturer: vivo, appium:deviceModel: vivo 1818, appium:deviceName: 8e006adb, appium:deviceScreenDensity: 480, appium:deviceScreenSize: 1080x2340, appium:deviceUDID: 8e006adb, appium:javascriptEnabled: true, appium:locationContextEnabled: false, appium:networkConnectionEnabled: true, appium:noReset: true, appium:pixelRatio: 3, appium:platformVersion: 11, appium:statBarHeight: 84, appium:takesScreenshot: true, appium:viewportRect: {height: 2130, left: 0, top: 84, width: 1080}, appium:warnings: {}, appium:webStorageEnabled: false, platformName: ANDROID}
Session ID: fa1f5287-45c7-4fc7-8ad3-63d85761ae13
at sun.reflect.NativeConstructorAccessorImpl.newInstance0(Native Method)
at sun.reflect.NativeConstructorAccessorImpl.newInstance(NativeConstructorAccessorImpl.java:62)
at sun.reflect.DelegatingConstructorAccessorImpl.newInstance(DelegatingConstructorAccessorImpl.java:45)
at java.lang.reflect.Constructor.newInstance(Constructor.java:423)
at org.openqa.selenium.remote.codec.w3c.W3CHttpResponseCodec.createException(W3CHttpResponseCodec.java:200)
at org.openqa.selenium.remote.codec.w3c.W3CHttpResponseCodec.decode(W3CHttpResponseCodec.java:133)
at org.openqa.selenium.remote.codec.w3c.W3CHttpResponseCodec.decode(W3CHttpResponseCodec.java:53)
at org.openqa.selenium.remote.HttpCommandExecutor.execute(HttpCommandExecutor.java:184)
at io.appium.java_client.remote.AppiumCommandExecutor.execute(AppiumCommandExecutor.java:180)
at org.openqa.selenium.remote.RemoteWebDriver.execute(RemoteWebDriver.java:588)
at org.openqa.selenium.remote.ElementLocation$ElementFinder$2.findElement(ElementLocation.java:162)
at org.openqa.selenium.remote.ElementLocation.findElement(ElementLocation.java:66)
at org.openqa.selenium.remote.RemoteWebDriver.findElement(RemoteWebDriver.java:406)
at org.openqa.selenium.remote.RemoteWebDriver.findElement(RemoteWebDriver.java:398)
at utilities.ScrollUtil.scrollToTextByAndroidUIAutomator(ScrollUtil.java:54)
at screens.VillasScreen.scrollToHotelApartment(VillasScreen.java:53)
at steps.GoIbiboSteps.i_scroll_till_baity_hotel_apartments(GoIbiboSteps.java:66)
at âœ½.I scroll till "Village Life Maldives"(file:///Users/rahularora/seleniumworkspace/BatchDiagnal/PageObjectModelWithCucumberBDD/src/test/resources/features/SearchVillas.feature:11)
]]>
            </full-stacktrace>
          </exception> <!-- org.openqa.selenium.NoSuchElementException -->
          <reporter-output>
          </reporter-output>
        </test-method> <!-- runScenario -->
        <test-method status="FAIL" signature="runScenario(io.cucumber.testng.PickleWrapper,io.cucumber.testng.FeatureWrapper)[pri:0, instance:runner.RunCuke@17baae6e]" name="runScenario" duration-ms="26" started-at="2022-06-15T18:04:26 IST" description="Runs Cucumber Scenarios" data-provider="scenarios" finished-at="2022-06-15T18:04:26 IST">
          <params>
            <param index="0">
              <value>
                <![CDATA["Searching Villas"]]>
              </value>
            </param>
            <param index="1">
              <value>
                <![CDATA["Goibibo Search Villas Feature"]]>
              </value>
            </param>
          </params>
          <exception class="java.lang.ClassCastException">
            <message>
              <![CDATA[org.openqa.selenium.Platform$22 cannot be cast to java.lang.String]]>
            </message>
            <full-stacktrace>
              <![CDATA[java.lang.ClassCastException: org.openqa.selenium.Platform$22 cannot be cast to java.lang.String
at io.appium.java_client.AppiumDriver.ensurePlatformName(AppiumDriver.java:136)
at io.appium.java_client.android.AndroidDriver.<init>(AndroidDriver.java:116)
at utilities.CommonUtils.getAndroidDriver(CommonUtils.java:98)
at base.BaseSteps.setUp(BaseSteps.java:30)
at steps.Hooks.beforeHook(Hooks.java:14)
]]>
            </full-stacktrace>
          </exception> <!-- java.lang.ClassCastException -->
          <reporter-output>
          </reporter-output>
        </test-method> <!-- runScenario -->
        <test-method status="PASS" signature="tearDownClass()[pri:0, instance:runner.RunCuke@17baae6e]" name="tearDownClass" is-config="true" duration-ms="439" started-at="2022-06-15T18:04:26 IST" finished-at="2022-06-15T18:04:26 IST">
          <reporter-output>
          </reporter-output>
        </test-method> <!-- tearDownClass -->
      </class> <!-- runner.RunCuke -->
    </test> <!-- Default test -->
  </suite> <!-- Default suite -->
</testng-results>
